Thu Apr 10 18:39:54 UTC 2025
Fri Apr 11 13:18:08 UTC 2025
Sat Apr 12 13:02:25 UTC 2025
Sun Apr 13 13:03:57 UTC 2025
Mon Apr 14 13:36:26 UTC 2025
Tue Apr 15 13:36:25 UTC 2025
Wed Apr 16 13:35:15 UTC 2025
Thu Apr 17 13:33:55 UTC 2025
Fri Apr 18 13:15:38 UTC 2025
Sat Apr 19 13:02:41 UTC 2025
Sun Apr 20 13:14:11 UTC 2025
Mon Apr 21 13:17:36 UTC 2025
Tue Apr 22 13:35:06 UTC 2025
Wed Apr 23 13:36:07 UTC 2025
Thu Apr 24 13:36:44 UTC 2025
Fri Apr 25 13:33:35 UTC 2025
Sat Apr 26 13:04:10 UTC 2025
Sun Apr 27 13:04:33 UTC 2025
Mon Apr 28 13:50:10 UTC 2025
Tue Apr 29 13:44:25 UTC 2025
Wed Apr 30 13:35:14 UTC 2025
Thu May  1 13:17:55 UTC 2025
Fri May  2 13:34:08 UTC 2025
Sat May  3 13:13:13 UTC 2025
Sun May  4 13:14:06 UTC 2025
Mon May  5 13:36:12 UTC 2025
Tue May  6 13:41:03 UTC 2025
Wed May  7 13:42:57 UTC 2025
Thu May  8 13:35:32 UTC 2025
Fri May  9 13:35:32 UTC 2025
Sat May 10 13:13:28 UTC 2025
Sun May 11 13:13:56 UTC 2025
Mon May 12 12:40:40 UTC 2025
Tue May 13 12:40:52 UTC 2025
Wed May 14 12:39:29 UTC 2025
Thu May 15 12:39:40 UTC 2025
Fri May 16 12:39:29 UTC 2025
Sat May 17 12:35:20 UTC 2025
Sun May 18 12:35:42 UTC 2025
Mon May 19 12:41:13 UTC 2025
Tue May 20 12:41:10 UTC 2025
Wed May 21 12:40:09 UTC 2025
Thu May 22 12:40:32 UTC 2025
Fri May 23 12:38:47 UTC 2025
Sat May 24 12:35:36 UTC 2025
Sun May 25 12:35:54 UTC 2025
Mon May 26 12:38:46 UTC 2025
Tue May 27 12:41:05 UTC 2025
Wed May 28 12:40:34 UTC 2025
Thu May 29 12:39:46 UTC 2025
Fri May 30 12:39:23 UTC 2025
Sat May 31 12:36:18 UTC 2025
Sun Jun  1 12:37:10 UTC 2025
Mon Jun  2 12:40:54 UTC 2025
Tue Jun  3 12:41:16 UTC 2025
Wed Jun  4 12:41:20 UTC 2025
Thu Jun  5 12:41:08 UTC 2025
Fri Jun  6 12:39:43 UTC 2025
Sat Jun  7 12:36:22 UTC 2025
Sun Jun  8 12:36:35 UTC 2025
Mon Jun  9 12:40:44 UTC 2025
Tue Jun 10 12:41:38 UTC 2025
Wed Jun 11 12:41:18 UTC 2025
Thu Jun 12 12:40:37 UTC 2025
Fri Jun 13 12:40:10 UTC 2025
Sat Jun 14 12:36:36 UTC 2025
Sun Jun 15 12:36:59 UTC 2025
Mon Jun 16 12:42:06 UTC 2025
Tue Jun 17 12:41:46 UTC 2025
Wed Jun 18 12:41:32 UTC 2025
Thu Jun 19 12:41:05 UTC 2025
Fri Jun 20 12:40:47 UTC 2025
Sat Jun 21 12:36:57 UTC 2025
Sun Jun 22 12:36:48 UTC 2025
Mon Jun 23 12:42:17 UTC 2025
Tue Jun 24 12:41:37 UTC 2025
Wed Jun 25 12:42:07 UTC 2025
Thu Jun 26 12:41:34 UTC 2025
Fri Jun 27 12:40:27 UTC 2025
Sat Jun 28 12:37:06 UTC 2025
Sun Jun 29 12:37:44 UTC 2025
Mon Jun 30 12:41:18 UTC 2025
Tue Jul  1 12:41:42 UTC 2025
Wed Jul  2 12:41:08 UTC 2025
Thu Jul  3 12:40:20 UTC 2025
Fri Jul  4 12:40:31 UTC 2025
Sat Jul  5 12:37:09 UTC 2025
Sun Jul  6 12:37:46 UTC 2025
Mon Jul  7 12:41:32 UTC 2025
Tue Jul  8 12:41:54 UTC 2025
Wed Jul  9 12:41:50 UTC 2025
Thu Jul 10 12:42:28 UTC 2025
Fri Jul 11 12:40:48 UTC 2025
Sat Jul 12 12:38:12 UTC 2025
Sun Jul 13 12:38:47 UTC 2025
Mon Jul 14 12:43:18 UTC 2025
Tue Jul 15 12:43:43 UTC 2025
Wed Jul 16 12:44:20 UTC 2025
Thu Jul 17 12:43:09 UTC 2025
Fri Jul 18 12:42:53 UTC 2025
Sat Jul 19 12:39:28 UTC 2025
Sun Jul 20 12:39:45 UTC 2025
Mon Jul 21 12:45:30 UTC 2025
Tue Jul 22 12:44:23 UTC 2025
Wed Jul 23 12:44:52 UTC 2025
Thu Jul 24 12:44:48 UTC 2025
Fri Jul 25 12:43:10 UTC 2025
Sat Jul 26 12:39:51 UTC 2025
Sun Jul 27 12:40:54 UTC 2025
Mon Jul 28 12:46:52 UTC 2025
Tue Jul 29 12:47:12 UTC 2025
Wed Jul 30 12:46:39 UTC 2025
Thu Jul 31 12:43:56 UTC 2025
Fri Aug  1 12:44:37 UTC 2025
Sat Aug  2 12:40:28 UTC 2025
Sun Aug  3 12:42:25 UTC 2025
Mon Aug  4 12:48:02 UTC 2025
Tue Aug  5 12:48:23 UTC 2025
Wed Aug  6 12:48:01 UTC 2025
Thu Aug  7 12:47:27 UTC 2025
Fri Aug  8 12:45:25 UTC 2025
Sat Aug  9 12:39:44 UTC 2025
Sun Aug 10 12:40:12 UTC 2025
Mon Aug 11 12:45:18 UTC 2025
Tue Aug 12 12:41:56 UTC 2025
Wed Aug 13 12:42:42 UTC 2025
Thu Aug 14 12:43:25 UTC 2025
Fri Aug 15 12:40:09 UTC 2025
Sat Aug 16 12:38:18 UTC 2025
Sun Aug 17 12:39:03 UTC 2025
Mon Aug 18 12:43:56 UTC 2025
Tue Aug 19 12:40:44 UTC 2025
Wed Aug 20 12:40:31 UTC 2025
Thu Aug 21 12:39:59 UTC 2025
Fri Aug 22 12:39:16 UTC 2025
Sat Aug 23 12:36:14 UTC 2025
Sun Aug 24 12:36:35 UTC 2025
Mon Aug 25 12:41:08 UTC 2025
Tue Aug 26 12:42:18 UTC 2025
Wed Aug 27 12:39:24 UTC 2025
Thu Aug 28 12:39:05 UTC 2025
Fri Aug 29 12:38:49 UTC 2025
Sat Aug 30 12:35:04 UTC 2025
Sun Aug 31 12:35:39 UTC 2025
Mon Sep  1 12:40:22 UTC 2025
Tue Sep  2 12:40:15 UTC 2025
Wed Sep  3 12:38:29 UTC 2025
Thu Sep  4 12:37:26 UTC 2025
Fri Sep  5 12:37:48 UTC 2025
Sat Sep  6 12:33:34 UTC 2025
Sun Sep  7 12:34:35 UTC 2025
Mon Sep  8 12:40:48 UTC 2025
Tue Sep  9 12:41:12 UTC 2025
Wed Sep 10 12:38:18 UTC 2025
Thu Sep 11 12:37:31 UTC 2025
Fri Sep 12 12:37:06 UTC 2025
Sat Sep 13 12:34:08 UTC 2025
Sun Sep 14 12:33:33 UTC 2025
Mon Sep 15 12:39:25 UTC 2025
Tue Sep 16 12:39:20 UTC 2025
Wed Sep 17 12:39:15 UTC 2025
Thu Sep 18 12:38:27 UTC 2025
Fri Sep 19 12:39:01 UTC 2025
Sat Sep 20 12:35:31 UTC 2025
Sun Sep 21 12:35:25 UTC 2025
Mon Sep 22 12:40:13 UTC 2025
Tue Sep 23 12:39:00 UTC 2025
Wed Sep 24 12:39:32 UTC 2025
Thu Sep 25 12:40:34 UTC 2025
Fri Sep 26 12:39:43 UTC 2025
Sat Sep 27 12:34:46 UTC 2025
Sun Sep 28 12:35:18 UTC 2025
Mon Sep 29 12:41:35 UTC 2025
Tue Sep 30 12:41:20 UTC 2025
Wed Oct  1 12:41:26 UTC 2025
Thu Oct  2 12:37:49 UTC 2025
Fri Oct  3 12:38:13 UTC 2025
Sat Oct  4 12:34:41 UTC 2025
Sun Oct  5 12:35:12 UTC 2025
Mon Oct  6 12:40:46 UTC 2025
Tue Oct  7 12:40:04 UTC 2025
Wed Oct  8 12:40:18 UTC 2025
Thu Oct  9 12:40:20 UTC 2025
Fri Oct 10 12:39:30 UTC 2025
Sat Oct 11 12:34:45 UTC 2025
Sun Oct 12 12:35:12 UTC 2025
Mon Oct 13 12:40:27 UTC 2025
Tue Oct 14 12:42:16 UTC 2025
Wed Oct 15 12:41:43 UTC 2025
Thu Oct 16 12:41:46 UTC 2025
Fri Oct 17 12:39:57 UTC 2025
Sat Oct 18 12:35:51 UTC 2025
Sun Oct 19 12:35:51 UTC 2025
Mon Oct 20 12:41:21 UTC 2025
Tue Oct 21 12:42:02 UTC 2025
Wed Oct 22 12:42:19 UTC 2025
Thu Oct 23 12:42:11 UTC 2025
Fri Oct 24 12:42:07 UTC 2025
Sat Oct 25 12:35:34 UTC 2025
Sun Oct 26 12:36:46 UTC 2025
Mon Oct 27 12:42:29 UTC 2025
Tue Oct 28 12:40:45 UTC 2025
Wed Oct 29 12:42:43 UTC 2025
Thu Oct 30 12:41:06 UTC 2025
Fri Oct 31 12:41:21 UTC 2025
Sat Nov  1 12:36:17 UTC 2025
Sun Nov  2 12:35:51 UTC 2025
Mon Nov  3 12:42:11 UTC 2025
Tue Nov  4 12:44:21 UTC 2025
Wed Nov  5 12:41:53 UTC 2025
Thu Nov  6 12:41:25 UTC 2025
Fri Nov  7 12:40:23 UTC 2025
Sat Nov  8 12:36:35 UTC 2025
Sun Nov  9 12:36:31 UTC 2025
Mon Nov 10 12:42:09 UTC 2025
Tue Nov 11 12:41:17 UTC 2025
Wed Nov 12 12:42:25 UTC 2025
Thu Nov 13 12:43:09 UTC 2025
Fri Nov 14 12:41:14 UTC 2025
Sat Nov 15 12:36:55 UTC 2025
Sun Nov 16 12:36:51 UTC 2025
Mon Nov 17 12:42:10 UTC 2025
Tue Nov 18 12:42:14 UTC 2025
Wed Nov 19 12:42:40 UTC 2025
Thu Nov 20 12:41:27 UTC 2025
Fri Nov 21 12:40:16 UTC 2025
Sat Nov 22 12:36:07 UTC 2025
Sun Nov 23 12:35:57 UTC 2025
Mon Nov 24 12:42:49 UTC 2025
Tue Nov 25 12:43:03 UTC 2025
Wed Nov 26 12:44:17 UTC 2025
Thu Nov 27 12:42:53 UTC 2025
Fri Nov 28 12:41:37 UTC 2025
Sat Nov 29 12:38:39 UTC 2025
Sun Nov 30 12:38:08 UTC 2025
Mon Dec  1 12:44:27 UTC 2025
Tue Dec  2 12:45:14 UTC 2025
Wed Dec  3 12:45:47 UTC 2025
Thu Dec  4 12:46:04 UTC 2025
Fri Dec  5 12:42:51 UTC 2025
Sat Dec  6 12:38:54 UTC 2025
Sun Dec  7 12:37:48 UTC 2025
Mon Dec  8 12:44:03 UTC 2025
Tue Dec  9 12:46:02 UTC 2025
Wed Dec 10 12:46:33 UTC 2025
Thu Dec 11 12:48:17 UTC 2025
Fri Dec 12 12:45:03 UTC 2025
Sat Dec 13 12:39:31 UTC 2025
Sun Dec 14 12:39:59 UTC 2025
Mon Dec 15 12:49:23 UTC 2025
Tue Dec 16 12:47:08 UTC 2025
Wed Dec 17 12:47:08 UTC 2025
Thu Dec 18 12:44:43 UTC 2025
Fri Dec 19 12:42:30 UTC 2025
Sat Dec 20 12:39:39 UTC 2025
Sun Dec 21 12:39:54 UTC 2025
Mon Dec 22 12:44:13 UTC 2025
Tue Dec 23 12:45:39 UTC 2025
Wed Dec 24 12:43:30 UTC 2025
Thu Dec 25 12:42:51 UTC 2025
Fri Dec 26 12:42:52 UTC 2025
Sat Dec 27 12:40:54 UTC 2025
Sun Dec 28 12:41:12 UTC 2025
Mon Dec 29 12:47:22 UTC 2025
Tue Dec 30 12:45:51 UTC 2025
Wed Dec 31 12:44:19 UTC 2025
Thu Jan  1 12:44:06 UTC 2026
Fri Jan  2 12:42:29 UTC 2026
Sat Jan  3 12:40:55 UTC 2026
Sun Jan  4 12:41:40 UTC 2026
Mon Jan  5 12:49:36 UTC 2026
Tue Jan  6 12:46:58 UTC 2026
Wed Jan  7 12:48:22 UTC 2026
Thu Jan  8 12:48:19 UTC 2026
Fri Jan  9 12:47:08 UTC 2026
Sat Jan 10 12:41:05 UTC 2026
Sun Jan 11 12:42:13 UTC 2026
Mon Jan 12 12:50:07 UTC 2026
Tue Jan 13 12:50:09 UTC 2026
Wed Jan 14 12:49:25 UTC 2026
Thu Jan 15 12:48:23 UTC 2026
Fri Jan 16 12:47:18 UTC 2026
Sat Jan 17 12:40:52 UTC 2026
Sun Jan 18 12:41:15 UTC 2026
Mon Jan 19 12:51:56 UTC 2026
Tue Jan 20 12:52:10 UTC 2026
Wed Jan 21 12:52:29 UTC 2026
Thu Jan 22 12:52:13 UTC 2026
Fri Jan 23 12:49:55 UTC 2026
Sat Jan 24 12:42:05 UTC 2026
Sun Jan 25 12:44:03 UTC 2026
Mon Jan 26 12:50:53 UTC 2026
Tue Jan 27 12:52:58 UTC 2026
Wed Jan 28 12:52:45 UTC 2026
Thu Jan 29 12:59:15 UTC 2026
Fri Jan 30 12:57:40 UTC 2026
Sat Jan 31 12:50:15 UTC 2026
Sun Feb  1 12:51:55 UTC 2026
Mon Feb  2 13:01:48 UTC 2026
Tue Feb  3 13:02:32 UTC 2026
Wed Feb  4 13:01:13 UTC 2026
Thu Feb  5 13:04:05 UTC 2026
Fri Feb  6 13:01:30 UTC 2026
Sat Feb  7 12:51:11 UTC 2026
Sun Feb  8 12:52:20 UTC 2026
Mon Feb  9 13:11:20 UTC 2026
Tue Feb 10 13:15:47 UTC 2026
Wed Feb 11 13:12:29 UTC 2026
Thu Feb 12 13:09:58 UTC 2026
Fri Feb 13 13:01:46 UTC 2026
Sat Feb 14 12:51:05 UTC 2026
Sun Feb 15 12:52:59 UTC 2026
Mon Feb 16 13:05:37 UTC 2026
Tue Feb 17 13:05:24 UTC 2026
Wed Feb 18 13:06:11 UTC 2026
Thu Feb 19 13:07:37 UTC 2026
Fri Feb 20 13:00:26 UTC 2026
Sat Feb 21 12:49:58 UTC 2026
Sun Feb 22 12:51:49 UTC 2026
